The system is: Linux - 5.15.0-107-generic - x86_64
Compiling the C compiler identification source file "CMakeCCompilerId.c" succeeded.
Compiler: /usr/bin/cc 
Build flags: 
Id flags:  

The output was:
0


Compilation of the C compiler identification source "CMakeCCompilerId.c" produced "a.out"

The C compiler identification is GNU, found in "/home/xkh/Desktop/tungsten/build/CMakeFiles/3.16.3/CompilerIdC/a.out"

Compiling the CXX compiler identification source file "CMakeCXXCompilerId.cpp" succeeded.
Compiler: /usr/bin/c++ 
Build flags: 
Id flags:  

The output was:
0


Compilation of the CXX compiler identification source "CMakeCXXCompilerId.cpp" produced "a.out"

The CXX compiler identification is GNU, found in "/home/xkh/Desktop/tungsten/build/CMakeFiles/3.16.3/CompilerIdCXX/a.out"

Determining if the C compiler works passed with the following output:
Change Dir: /home/xkh/Desktop/tungsten/build/CMakeFiles/CMakeTmp

Run Build Command(s):/usr/bin/make cmTC_cdfaa/fast && /usr/bin/make -f CMakeFiles/cmTC_cdfaa.dir/build.make CMakeFiles/cmTC_cdfaa.dir/build
make[1]: Entering directory '/home/xkh/Desktop/tungsten/build/CMakeFiles/CMakeTmp'
Building C object CMakeFiles/cmTC_cdfaa.dir/testCCompiler.c.o
/usr/bin/cc    -o CMakeFiles/cmTC_cdfaa.dir/testCCompiler.c.o   -c /home/xkh/Desktop/tungsten/build/CMakeFiles/CMakeTmp/testCCompiler.c
Linking C executable cmTC_cdfaa
/usr/bin/cmake -E cmake_link_script CMakeFiles/cmTC_cdfaa.dir/link.txt --verbose=1
/usr/bin/cc      -rdynamic CMakeFiles/cmTC_cdfaa.dir/testCCompiler.c.o  -o cmTC_cdfaa 
make[1]: Leaving directory '/home/xkh/Desktop/tungsten/build/CMakeFiles/CMakeTmp'



Detecting C compiler ABI info compiled with the following output:
Change Dir: /home/xkh/Desktop/tungsten/build/CMakeFiles/CMakeTmp

Run Build Command(s):/usr/bin/make cmTC_36e9c/fast && /usr/bin/make -f CMakeFiles/cmTC_36e9c.dir/build.make CMakeFiles/cmTC_36e9c.dir/build
make[1]: Entering directory '/home/xkh/Desktop/tungsten/build/CMakeFiles/CMakeTmp'
Building C object CMakeFiles/cmTC_36e9c.dir/CMakeCCompilerABI.c.o
/usr/bin/cc   -v -o CMakeFiles/cmTC_36e9c.dir/CMakeCCompilerABI.c.o   -c /usr/share/cmake-3.16/Modules/CMakeCCompilerABI.c
Using built-in specs.
COLLECT_GCC=/usr/bin/cc
OFFLOAD_TARGET_NAMES=nvptx-none
OFFLOAD_TARGET_DEFAULT=1
Target: x86_64-linux-gnu
Configured with: ../src/configure -v --with-pkgversion='Ubuntu 7.5.0-6ubuntu2' --with-bugurl=file:///usr/share/doc/gcc-7/README.Bugs --enable-languages=c,ada,c++,go,brig,d,fortran,objc,obj-c++ --prefix=/usr --with-gcc-major-version-only --program-suffix=-7 --program-prefix=x86_64-linux-gnu- --enable-shared --enable-linker-build-id --libexecdir=/usr/lib --without-included-gettext --enable-threads=posix --libdir=/usr/lib --enable-nls --enable-bootstrap --enable-clocale=gnu --enable-libstdcxx-debug --enable-libstdcxx-time=yes --with-default-libstdcxx-abi=new --enable-gnu-unique-object --disable-vtable-verify --enable-libmpx --enable-plugin --enable-default-pie --with-system-zlib --with-target-system-zlib --enable-objc-gc=auto --enable-multiarch --disable-werror --with-arch-32=i686 --with-abi=m64 --with-multilib-list=m32,m64,mx32 --enable-multilib --with-tune=generic --enable-offload-targets=nvptx-none --without-cuda-driver --enable-checking=release --build=x86_64-linux-gnu --host=x86_64-linux-gnu --target=x86_64-linux-gnu
Thread model: posix
gcc version 7.5.0 (Ubuntu 7.5.0-6ubuntu2) 
COLLECT_GCC_OPTIONS='-v' '-o' 'CMakeFiles/cmTC_36e9c.dir/CMakeCCompilerABI.c.o' '-c' '-mtune=generic' '-march=x86-64'
 /usr/lib/gcc/x86_64-linux-gnu/7/cc1 -quiet -v -imultiarch x86_64-linux-gnu /usr/share/cmake-3.16/Modules/CMakeCCompilerABI.c -quiet -dumpbase CMakeCCompilerABI.c -mtune=generic -march=x86-64 -auxbase-strip CMakeFiles/cmTC_36e9c.dir/CMakeCCompilerABI.c.o -version -fstack-protector-strong -Wformat -Wformat-security -o /tmp/ccMt7FrR.s
GNU C11 (Ubuntu 7.5.0-6ubuntu2) version 7.5.0 (x86_64-linux-gnu)
	compiled by GNU C version 7.5.0, GMP version 6.2.0, MPFR version 4.0.2, MPC version 1.1.0, isl version isl-0.22.1-GMP

GGC heuristics: --param ggc-min-expand=100 --param ggc-min-heapsize=131072
ignoring nonexistent directory "/usr/local/include/x86_64-linux-gnu"
ignoring nonexistent directory "/usr/lib/gcc/x86_64-linux-gnu/7/include-fixed"
ignoring nonexistent directory "/usr/lib/gcc/x86_64-linux-gnu/7/../../../../x86_64-linux-gnu/include"
#include "..." search starts here:
#include <...> search starts here:
 /usr/lib/gcc/x86_64-linux-gnu/7/include
 /usr/local/include
 /usr/include/x86_64-linux-gnu
 /usr/include
End of search list.
GNU C11 (Ubuntu 7.5.0-6ubuntu2) version 7.5.0 (x86_64-linux-gnu)
	compiled by GNU C version 7.5.0, GMP version 6.2.0, MPFR version 4.0.2, MPC version 1.1.0, isl version isl-0.22.1-GMP

GGC heuristics: --param ggc-min-expand=100 --param ggc-min-heapsize=131072
Compiler executable checksum: 21180b46086dedfd78d30fca0620e7d0
COLLECT_GCC_OPTIONS='-v' '-o' 'CMakeFiles/cmTC_36e9c.dir/CMakeCCompilerABI.c.o' '-c' '-mtune=generic' '-march=x86-64'
 as -v --64 -o CMakeFiles/cmTC_36e9c.dir/CMakeCCompilerABI.c.o /tmp/ccMt7FrR.s
GNU assembler version 2.34 (x86_64-linux-gnu) using BFD version (GNU Binutils for Ubuntu) 2.34
COMPILER_PATH=/usr/lib/gcc/x86_64-linux-gnu/7/:/usr/lib/gcc/x86_64-linux-gnu/7/:/usr/lib/gcc/x86_64-linux-gnu/:/usr/lib/gcc/x86_64-linux-gnu/7/:/usr/lib/gcc/x86_64-linux-gnu/
LIBRARY_PATH=/usr/lib/gcc/x86_64-linux-gnu/7/:/usr/lib/gcc/x86_64-linux-gnu/7/../../../x86_64-linux-gnu/:/usr/lib/gcc/x86_64-linux-gnu/7/../../../../lib/:/lib/x86_64-linux-gnu/:/lib/../lib/:/usr/lib/x86_64-linux-gnu/:/usr/lib/../lib/:/usr/lib/gcc/x86_64-linux-gnu/7/../../../:/lib/:/usr/lib/
COLLECT_GCC_OPTIONS='-v' '-o' 'CMakeFiles/cmTC_36e9c.dir/CMakeCCompilerABI.c.o' '-c' '-mtune=generic' '-march=x86-64'
Linking C executable cmTC_36e9c
/usr/bin/cmake -E cmake_link_script CMakeFiles/cmTC_36e9c.dir/link.txt --verbose=1
/usr/bin/cc     -v -rdynamic CMakeFiles/cmTC_36e9c.dir/CMakeCCompilerABI.c.o  -o cmTC_36e9c 
Using built-in specs.
COLLECT_GCC=/usr/bin/cc
COLLECT_LTO_WRAPPER=/usr/lib/gcc/x86_64-linux-gnu/7/lto-wrapper
OFFLOAD_TARGET_NAMES=nvptx-none
OFFLOAD_TARGET_DEFAULT=1
Target: x86_64-linux-gnu
Configured with: ../src/configure -v --with-pkgversion='Ubuntu 7.5.0-6ubuntu2' --with-bugurl=file:///usr/share/doc/gcc-7/README.Bugs --enable-languages=c,ada,c++,go,brig,d,fortran,objc,obj-c++ --prefix=/usr --with-gcc-major-version-only --program-suffix=-7 --program-prefix=x86_64-linux-gnu- --enable-shared --enable-linker-build-id --libexecdir=/usr/lib --without-included-gettext --enable-threads=posix --libdir=/usr/lib --enable-nls --enable-bootstrap --enable-clocale=gnu --enable-libstdcxx-debug --enable-libstdcxx-time=yes --with-default-libstdcxx-abi=new --enable-gnu-unique-object --disable-vtable-verify --enable-libmpx --enable-plugin --enable-default-pie --with-system-zlib --with-target-system-zlib --enable-objc-gc=auto --enable-multiarch --disable-werror --with-arch-32=i686 --with-abi=m64 --with-multilib-list=m32,m64,mx32 --enable-multilib --with-tune=generic --enable-offload-targets=nvptx-none --without-cuda-driver --enable-checking=release --build=x86_64-linux-gnu --host=x86_64-linux-gnu --target=x86_64-linux-gnu
Thread model: posix
gcc version 7.5.0 (Ubuntu 7.5.0-6ubuntu2) 
COMPILER_PATH=/usr/lib/gcc/x86_64-linux-gnu/7/:/usr/lib/gcc/x86_64-linux-gnu/7/:/usr/lib/gcc/x86_64-linux-gnu/:/usr/lib/gcc/x86_64-linux-gnu/7/:/usr/lib/gcc/x86_64-linux-gnu/
LIBRARY_PATH=/usr/lib/gcc/x86_64-linux-gnu/7/:/usr/lib/gcc/x86_64-linux-gnu/7/../../../x86_64-linux-gnu/:/usr/lib/gcc/x86_64-linux-gnu/7/../../../../lib/:/lib/x86_64-linux-gnu/:/lib/../lib/:/usr/lib/x86_64-linux-gnu/:/usr/lib/../lib/:/usr/lib/gcc/x86_64-linux-gnu/7/../../../:/lib/:/usr/lib/
COLLECT_GCC_OPTIONS='-v' '-rdynamic' '-o' 'cmTC_36e9c' '-mtune=generic' '-march=x86-64'
 /usr/lib/gcc/x86_64-linux-gnu/7/collect2 -plugin /usr/lib/gcc/x86_64-linux-gnu/7/liblto_plugin.so -plugin-opt=/usr/lib/gcc/x86_64-linux-gnu/7/lto-wrapper -plugin-opt=-fresolution=/tmp/ccC3j07j.res -plugin-opt=-pass-through=-lgcc -plugin-opt=-pass-through=-lgcc_s -plugin-opt=-pass-through=-lc -plugin-opt=-pass-through=-lgcc -plugin-opt=-pass-through=-lgcc_s --build-id --eh-frame-hdr -m elf_x86_64 --hash-style=gnu --as-needed -export-dynamic -dynamic-linker /lib64/ld-linux-x86-64.so.2 -pie -z now -z relro -o cmTC_36e9c /usr/lib/gcc/x86_64-linux-gnu/7/../../../x86_64-linux-gnu/Scrt1.o /usr/lib/gcc/x86_64-linux-gnu/7/../../../x86_64-linux-gnu/crti.o /usr/lib/gcc/x86_64-linux-gnu/7/crtbeginS.o -L/usr/lib/gcc/x86_64-linux-gnu/7 -L/usr/lib/gcc/x86_64-linux-gnu/7/../../../x86_64-linux-gnu -L/usr/lib/gcc/x86_64-linux-gnu/7/../../../../lib -L/lib/x86_64-linux-gnu -L/lib/../lib -L/usr/lib/x86_64-linux-gnu -L/usr/lib/../lib -L/usr/lib/gcc/x86_64-linux-gnu/7/../../.. CMakeFiles/cmTC_36e9c.dir/CMakeCCompilerABI.c.o -lgcc --push-state --as-needed -lgcc_s --pop-state -lc -lgcc --push-state --as-needed -lgcc_s --pop-state /usr/lib/gcc/x86_64-linux-gnu/7/crtendS.o /usr/lib/gcc/x86_64-linux-gnu/7/../../../x86_64-linux-gnu/crtn.o
COLLECT_GCC_OPTIONS='-v' '-rdynamic' '-o' 'cmTC_36e9c' '-mtune=generic' '-march=x86-64'
make[1]: Leaving directory '/home/xkh/Desktop/tungsten/build/CMakeFiles/CMakeTmp'



Parsed C implicit include dir info from above output: rv=done
  found start of include info
  found start of implicit include info
    add: [/usr/lib/gcc/x86_64-linux-gnu/7/include]
    add: [/usr/local/include]
    add: [/usr/include/x86_64-linux-gnu]
    add: [/usr/include]
  end of search list found
  collapse include dir [/usr/lib/gcc/x86_64-linux-gnu/7/include] ==> [/usr/lib/gcc/x86_64-linux-gnu/7/include]
  collapse include dir [/usr/local/include] ==> [/usr/local/include]
  collapse include dir [/usr/include/x86_64-linux-gnu] ==> [/usr/include/x86_64-linux-gnu]
  collapse include dir [/usr/include] ==> [/usr/include]
  implicit include dirs: [/usr/lib/gcc/x86_64-linux-gnu/7/include;/usr/local/include;/usr/include/x86_64-linux-gnu;/usr/include]


Parsed C implicit link information from above output:
  link line regex: [^( *|.*[/\])(ld|CMAKE_LINK_STARTFILE-NOTFOUND|([^/\]+-)?ld|collect2)[^/\]*( |$)]
  ignore line: [Change Dir: /home/xkh/Desktop/tungsten/build/CMakeFiles/CMakeTmp]
  ignore line: []
  ignore line: [Run Build Command(s):/usr/bin/make cmTC_36e9c/fast && /usr/bin/make -f CMakeFiles/cmTC_36e9c.dir/build.make CMakeFiles/cmTC_36e9c.dir/build]
  ignore line: [make[1]: Entering directory '/home/xkh/Desktop/tungsten/build/CMakeFiles/CMakeTmp']
  ignore line: [Building C object CMakeFiles/cmTC_36e9c.dir/CMakeCCompilerABI.c.o]
  ignore line: [/usr/bin/cc   -v -o CMakeFiles/cmTC_36e9c.dir/CMakeCCompilerABI.c.o   -c /usr/share/cmake-3.16/Modules/CMakeCCompilerABI.c]
  ignore line: [Using built-in specs.]
  ignore line: [COLLECT_GCC=/usr/bin/cc]
  ignore line: [OFFLOAD_TARGET_NAMES=nvptx-none]
  ignore line: [OFFLOAD_TARGET_DEFAULT=1]
  ignore line: [Target: x86_64-linux-gnu]
  ignore line: [Configured with: ../src/configure -v --with-pkgversion='Ubuntu 7.5.0-6ubuntu2' --with-bugurl=file:///usr/share/doc/gcc-7/README.Bugs --enable-languages=c ada c++ go brig d fortran objc obj-c++ --prefix=/usr --with-gcc-major-version-only --program-suffix=-7 --program-prefix=x86_64-linux-gnu- --enable-shared --enable-linker-build-id --libexecdir=/usr/lib --without-included-gettext --enable-threads=posix --libdir=/usr/lib --enable-nls --enable-bootstrap --enable-clocale=gnu --enable-libstdcxx-debug --enable-libstdcxx-time=yes --with-default-libstdcxx-abi=new --enable-gnu-unique-object --disable-vtable-verify --enable-libmpx --enable-plugin --enable-default-pie --with-system-zlib --with-target-system-zlib --enable-objc-gc=auto --enable-multiarch --disable-werror --with-arch-32=i686 --with-abi=m64 --with-multilib-list=m32 m64 mx32 --enable-multilib --with-tune=generic --enable-offload-targets=nvptx-none --without-cuda-driver --enable-checking=release --build=x86_64-linux-gnu --host=x86_64-linux-gnu --target=x86_64-linux-gnu]
  ignore line: [Thread model: posix]
  ignore line: [gcc version 7.5.0 (Ubuntu 7.5.0-6ubuntu2) ]
  ignore line: [COLLECT_GCC_OPTIONS='-v' '-o' 'CMakeFiles/cmTC_36e9c.dir/CMakeCCompilerABI.c.o' '-c' '-mtune=generic' '-march=x86-64']
  ignore line: [ /usr/lib/gcc/x86_64-linux-gnu/7/cc1 -quiet -v -imultiarch x86_64-linux-gnu /usr/share/cmake-3.16/Modules/CMakeCCompilerABI.c -quiet -dumpbase CMakeCCompilerABI.c -mtune=generic -march=x86-64 -auxbase-strip CMakeFiles/cmTC_36e9c.dir/CMakeCCompilerABI.c.o -version -fstack-protector-strong -Wformat -Wformat-security -o /tmp/ccMt7FrR.s]
  ignore line: [GNU C11 (Ubuntu 7.5.0-6ubuntu2) version 7.5.0 (x86_64-linux-gnu)]
  ignore line: [	compiled by GNU C version 7.5.0  GMP version 6.2.0  MPFR version 4.0.2  MPC version 1.1.0  isl version isl-0.22.1-GMP]
  ignore line: []
  ignore line: [GGC heuristics: --param ggc-min-expand=100 --param ggc-min-heapsize=131072]
  ignore line: [ignoring nonexistent directory "/usr/local/include/x86_64-linux-gnu"]
  ignore line: [ignoring nonexistent directory "/usr/lib/gcc/x86_64-linux-gnu/7/include-fixed"]
  ignore line: [ignoring nonexistent directory "/usr/lib/gcc/x86_64-linux-gnu/7/../../../../x86_64-linux-gnu/include"]
  ignore line: [#include "..." search starts here:]
  ignore line: [#include <...> search starts here:]
  ignore line: [ /usr/lib/gcc/x86_64-linux-gnu/7/include]
  ignore line: [ /usr/local/include]
  ignore line: [ /usr/include/x86_64-linux-gnu]
  ignore line: [ /usr/include]
  ignore line: [End of search list.]
  ignore line: [GNU C11 (Ubuntu 7.5.0-6ubuntu2) version 7.5.0 (x86_64-linux-gnu)]
  ignore line: [	compiled by GNU C version 7.5.0  GMP version 6.2.0  MPFR version 4.0.2  MPC version 1.1.0  isl version isl-0.22.1-GMP]
  ignore line: []
  ignore line: [GGC heuristics: --param ggc-min-expand=100 --param ggc-min-heapsize=131072]
  ignore line: [Compiler executable checksum: 21180b46086dedfd78d30fca0620e7d0]
  ignore line: [COLLECT_GCC_OPTIONS='-v' '-o' 'CMakeFiles/cmTC_36e9c.dir/CMakeCCompilerABI.c.o' '-c' '-mtune=generic' '-march=x86-64']
  ignore line: [ as -v --64 -o CMakeFiles/cmTC_36e9c.dir/CMakeCCompilerABI.c.o /tmp/ccMt7FrR.s]
  ignore line: [GNU assembler version 2.34 (x86_64-linux-gnu) using BFD version (GNU Binutils for Ubuntu) 2.34]
  ignore line: [COMPILER_PATH=/usr/lib/gcc/x86_64-linux-gnu/7/:/usr/lib/gcc/x86_64-linux-gnu/7/:/usr/lib/gcc/x86_64-linux-gnu/:/usr/lib/gcc/x86_64-linux-gnu/7/:/usr/lib/gcc/x86_64-linux-gnu/]
  ignore line: [LIBRARY_PATH=/usr/lib/gcc/x86_64-linux-gnu/7/:/usr/lib/gcc/x86_64-linux-gnu/7/../../../x86_64-linux-gnu/:/usr/lib/gcc/x86_64-linux-gnu/7/../../../../lib/:/lib/x86_64-linux-gnu/:/lib/../lib/:/usr/lib/x86_64-linux-gnu/:/usr/lib/../lib/:/usr/lib/gcc/x86_64-linux-gnu/7/../../../:/lib/:/usr/lib/]
  ignore line: [COLLECT_GCC_OPTIONS='-v' '-o' 'CMakeFiles/cmTC_36e9c.dir/CMakeCCompilerABI.c.o' '-c' '-mtune=generic' '-march=x86-64']
  ignore line: [Linking C executable cmTC_36e9c]
  ignore line: [/usr/bin/cmake -E cmake_link_script CMakeFiles/cmTC_36e9c.dir/link.txt --verbose=1]
  ignore line: [/usr/bin/cc     -v -rdynamic CMakeFiles/cmTC_36e9c.dir/CMakeCCompilerABI.c.o  -o cmTC_36e9c ]
  ignore line: [Using built-in specs.]
  ignore line: [COLLECT_GCC=/usr/bin/cc]
  ignore line: [COLLECT_LTO_WRAPPER=/usr/lib/gcc/x86_64-linux-gnu/7/lto-wrapper]
  ignore line: [OFFLOAD_TARGET_NAMES=nvptx-none]
  ignore line: [OFFLOAD_TARGET_DEFAULT=1]
  ignore line: [Target: x86_64-linux-gnu]
  ignore line: [Configured with: ../src/configure -v --with-pkgversion='Ubuntu 7.5.0-6ubuntu2' --with-bugurl=file:///usr/share/doc/gcc-7/README.Bugs --enable-languages=c ada c++ go brig d fortran objc obj-c++ --prefix=/usr --with-gcc-major-version-only --program-suffix=-7 --program-prefix=x86_64-linux-gnu- --enable-shared --enable-linker-build-id --libexecdir=/usr/lib --without-included-gettext --enable-threads=posix --libdir=/usr/lib --enable-nls --enable-bootstrap --enable-clocale=gnu --enable-libstdcxx-debug --enable-libstdcxx-time=yes --with-default-libstdcxx-abi=new --enable-gnu-unique-object --disable-vtable-verify --enable-libmpx --enable-plugin --enable-default-pie --with-system-zlib --with-target-system-zlib --enable-objc-gc=auto --enable-multiarch --disable-werror --with-arch-32=i686 --with-abi=m64 --with-multilib-list=m32 m64 mx32 --enable-multilib --with-tune=generic --enable-offload-targets=nvptx-none --without-cuda-driver --enable-checking=release --build=x86_64-linux-gnu --host=x86_64-linux-gnu --target=x86_64-linux-gnu]
  ignore line: [Thread model: posix]
  ignore line: [gcc version 7.5.0 (Ubuntu 7.5.0-6ubuntu2) ]
  ignore line: [COMPILER_PATH=/usr/lib/gcc/x86_64-linux-gnu/7/:/usr/lib/gcc/x86_64-linux-gnu/7/:/usr/lib/gcc/x86_64-linux-gnu/:/usr/lib/gcc/x86_64-linux-gnu/7/:/usr/lib/gcc/x86_64-linux-gnu/]
  ignore line: [LIBRARY_PATH=/usr/lib/gcc/x86_64-linux-gnu/7/:/usr/lib/gcc/x86_64-linux-gnu/7/../../../x86_64-linux-gnu/:/usr/lib/gcc/x86_64-linux-gnu/7/../../../../lib/:/lib/x86_64-linux-gnu/:/lib/../lib/:/usr/lib/x86_64-linux-gnu/:/usr/lib/../lib/:/usr/lib/gcc/x86_64-linux-gnu/7/../../../:/lib/:/usr/lib/]
  ignore line: [COLLECT_GCC_OPTIONS='-v' '-rdynamic' '-o' 'cmTC_36e9c' '-mtune=generic' '-march=x86-64']
  link line: [ /usr/lib/gcc/x86_64-linux-gnu/7/collect2 -plugin /usr/lib/gcc/x86_64-linux-gnu/7/liblto_plugin.so -plugin-opt=/usr/lib/gcc/x86_64-linux-gnu/7/lto-wrapper -plugin-opt=-fresolution=/tmp/ccC3j07j.res -plugin-opt=-pass-through=-lgcc -plugin-opt=-pass-through=-lgcc_s -plugin-opt=-pass-through=-lc -plugin-opt=-pass-through=-lgcc -plugin-opt=-pass-through=-lgcc_s --build-id --eh-frame-hdr -m elf_x86_64 --hash-style=gnu --as-needed -export-dynamic -dynamic-linker /lib64/ld-linux-x86-64.so.2 -pie -z now -z relro -o cmTC_36e9c /usr/lib/gcc/x86_64-linux-gnu/7/../../../x86_64-linux-gnu/Scrt1.o /usr/lib/gcc/x86_64-linux-gnu/7/../../../x86_64-linux-gnu/crti.o /usr/lib/gcc/x86_64-linux-gnu/7/crtbeginS.o -L/usr/lib/gcc/x86_64-linux-gnu/7 -L/usr/lib/gcc/x86_64-linux-gnu/7/../../../x86_64-linux-gnu -L/usr/lib/gcc/x86_64-linux-gnu/7/../../../../lib -L/lib/x86_64-linux-gnu -L/lib/../lib -L/usr/lib/x86_64-linux-gnu -L/usr/lib/../lib -L/usr/lib/gcc/x86_64-linux-gnu/7/../../.. CMakeFiles/cmTC_36e9c.dir/CMakeCCompilerABI.c.o -lgcc --push-state --as-needed -lgcc_s --pop-state -lc -lgcc --push-state --as-needed -lgcc_s --pop-state /usr/lib/gcc/x86_64-linux-gnu/7/crtendS.o /usr/lib/gcc/x86_64-linux-gnu/7/../../../x86_64-linux-gnu/crtn.o]
    arg [/usr/lib/gcc/x86_64-linux-gnu/7/collect2] ==> ignore
    arg [-plugin] ==> ignore
    arg [/usr/lib/gcc/x86_64-linux-gnu/7/liblto_plugin.so] ==> ignore
    arg [-plugin-opt=/usr/lib/gcc/x86_64-linux-gnu/7/lto-wrapper] ==> ignore
    arg [-plugin-opt=-fresolution=/tmp/ccC3j07j.res] ==> ignore
    arg [-plugin-opt=-pass-through=-lgcc] ==> ignore
    arg [-plugin-opt=-pass-through=-lgcc_s] ==> ignore
    arg [-plugin-opt=-pass-through=-lc] ==> ignore
    arg [-plugin-opt=-pass-through=-lgcc] ==> ignore
    arg [-plugin-opt=-pass-through=-lgcc_s] ==> ignore
    arg [--build-id] ==> ignore
    arg [--eh-frame-hdr] ==> ignore
    arg [-m] ==> ignore
    arg [elf_x86_64] ==> ignore
    arg [--hash-style=gnu] ==> ignore
    arg [--as-needed] ==> ignore
    arg [-export-dynamic] ==> ignore
    arg [-dynamic-linker] ==> ignore
    arg [/lib64/ld-linux-x86-64.so.2] ==> ignore
    arg [-pie] ==> ignore
    arg [-znow] ==> ignore
    arg [-zrelro] ==> ignore
    arg [-o] ==> ignore
    arg [cmTC_36e9c] ==> ignore
    arg [/usr/lib/gcc/x86_64-linux-gnu/7/../../../x86_64-linux-gnu/Scrt1.o] ==> ignore
    arg [/usr/lib/gcc/x86_64-linux-gnu/7/../../../x86_64-linux-gnu/crti.o] ==> ignore
    arg [/usr/lib/gcc/x86_64-linux-gnu/7/crtbeginS.o] ==> ignore
    arg [-L/usr/lib/gcc/x86_64-linux-gnu/7] ==> dir [/usr/lib/gcc/x86_64-linux-gnu/7]
    arg [-L/usr/lib/gcc/x86_64-linux-gnu/7/../../../x86_64-linux-gnu] ==> dir [/usr/lib/gcc/x86_64-linux-gnu/7/../../../x86_64-linux-gnu]
    arg [-L/usr/lib/gcc/x86_64-linux-gnu/7/../../../../lib] ==> dir [/usr/lib/gcc/x86_64-linux-gnu/7/../../../../lib]
    arg [-L/lib/x86_64-linux-gnu] ==> dir [/lib/x86_64-linux-gnu]
    arg [-L/lib/../lib] ==> dir [/lib/../lib]
    arg [-L/usr/lib/x86_64-linux-gnu] ==> dir [/usr/lib/x86_64-linux-gnu]
    arg [-L/usr/lib/../lib] ==> dir [/usr/lib/../lib]
    arg [-L/usr/lib/gcc/x86_64-linux-gnu/7/../../..] ==> dir [/usr/lib/gcc/x86_64-linux-gnu/7/../../..]
    arg [CMakeFiles/cmTC_36e9c.dir/CMakeCCompilerABI.c.o] ==> ignore
    arg [-lgcc] ==> lib [gcc]
    arg [--push-state] ==> ignore
    arg [--as-needed] ==> ignore
    arg [-lgcc_s] ==> lib [gcc_s]
    arg [--pop-state] ==> ignore
    arg [-lc] ==> lib [c]
    arg [-lgcc] ==> lib [gcc]
    arg [--push-state] ==> ignore
    arg [--as-needed] ==> ignore
    arg [-lgcc_s] ==> lib [gcc_s]
    arg [--pop-state] ==> ignore
    arg [/usr/lib/gcc/x86_64-linux-gnu/7/crtendS.o] ==> ignore
    arg [/usr/lib/gcc/x86_64-linux-gnu/7/../../../x86_64-linux-gnu/crtn.o] ==> ignore
  collapse library dir [/usr/lib/gcc/x86_64-linux-gnu/7] ==> [/usr/lib/gcc/x86_64-linux-gnu/7]
  collapse library dir [/usr/lib/gcc/x86_64-linux-gnu/7/../../../x86_64-linux-gnu] ==> [/usr/lib/x86_64-linux-gnu]
  collapse library dir [/usr/lib/gcc/x86_64-linux-gnu/7/../../../../lib] ==> [/usr/lib]
  collapse library dir [/lib/x86_64-linux-gnu] ==> [/lib/x86_64-linux-gnu]
  collapse library dir [/lib/../lib] ==> [/lib]
  collapse library dir [/usr/lib/x86_64-linux-gnu] ==> [/usr/lib/x86_64-linux-gnu]
  collapse library dir [/usr/lib/../lib] ==> [/usr/lib]
  collapse library dir [/usr/lib/gcc/x86_64-linux-gnu/7/../../..] ==> [/usr/lib]
  implicit libs: [gcc;gcc_s;c;gcc;gcc_s]
  implicit dirs: [/usr/lib/gcc/x86_64-linux-gnu/7;/usr/lib/x86_64-linux-gnu;/usr/lib;/lib/x86_64-linux-gnu;/lib]
  implicit fwks: []


Determining if the CXX compiler works passed with the following output:
Change Dir: /home/xkh/Desktop/tungsten/build/CMakeFiles/CMakeTmp

Run Build Command(s):/usr/bin/make cmTC_0d1dc/fast && /usr/bin/make -f CMakeFiles/cmTC_0d1dc.dir/build.make CMakeFiles/cmTC_0d1dc.dir/build
make[1]: Entering directory '/home/xkh/Desktop/tungsten/build/CMakeFiles/CMakeTmp'
Building CXX object CMakeFiles/cmTC_0d1dc.dir/testCXXCompiler.cxx.o
/usr/bin/c++     -o CMakeFiles/cmTC_0d1dc.dir/testCXXCompiler.cxx.o -c /home/xkh/Desktop/tungsten/build/CMakeFiles/CMakeTmp/testCXXCompiler.cxx
Linking CXX executable cmTC_0d1dc
/usr/bin/cmake -E cmake_link_script CMakeFiles/cmTC_0d1dc.dir/link.txt --verbose=1
/usr/bin/c++       -rdynamic CMakeFiles/cmTC_0d1dc.dir/testCXXCompiler.cxx.o  -o cmTC_0d1dc 
make[1]: Leaving directory '/home/xkh/Desktop/tungsten/build/CMakeFiles/CMakeTmp'



Detecting CXX compiler ABI info compiled with the following output:
Change Dir: /home/xkh/Desktop/tungsten/build/CMakeFiles/CMakeTmp

Run Build Command(s):/usr/bin/make cmTC_a0488/fast && /usr/bin/make -f CMakeFiles/cmTC_a0488.dir/build.make CMakeFiles/cmTC_a0488.dir/build
make[1]: Entering directory '/home/xkh/Desktop/tungsten/build/CMakeFiles/CMakeTmp'
Building CXX object CMakeFiles/cmTC_a0488.dir/CMakeCXXCompilerABI.cpp.o
/usr/bin/c++    -v -o CMakeFiles/cmTC_a0488.dir/CMakeCXXCompilerABI.cpp.o -c /usr/share/cmake-3.16/Modules/CMakeCXXCompilerABI.cpp
Using built-in specs.
COLLECT_GCC=/usr/bin/c++
OFFLOAD_TARGET_NAMES=nvptx-none:hsa
OFFLOAD_TARGET_DEFAULT=1
Target: x86_64-linux-gnu
Configured with: ../src/configure -v --with-pkgversion='Ubuntu 9.4.0-1ubuntu1~20.04.2' --with-bugurl=file:///usr/share/doc/gcc-9/README.Bugs --enable-languages=c,ada,c++,go,brig,d,fortran,objc,obj-c++,gm2 --prefix=/usr --with-gcc-major-version-only --program-suffix=-9 --program-prefix=x86_64-linux-gnu- --enable-shared --enable-linker-build-id --libexecdir=/usr/lib --without-included-gettext --enable-threads=posix --libdir=/usr/lib --enable-nls --enable-clocale=gnu --enable-libstdcxx-debug --enable-libstdcxx-time=yes --with-default-libstdcxx-abi=new --enable-gnu-unique-object --disable-vtable-verify --enable-plugin --enable-default-pie --with-system-zlib --with-target-system-zlib=auto --enable-objc-gc=auto --enable-multiarch --disable-werror --with-arch-32=i686 --with-abi=m64 --with-multilib-list=m32,m64,mx32 --enable-multilib --with-tune=generic --enable-offload-targets=nvptx-none=/build/gcc-9-9QDOt0/gcc-9-9.4.0/debian/tmp-nvptx/usr,hsa --without-cuda-driver --enable-checking=release --build=x86_64-linux-gnu --host=x86_64-linux-gnu --target=x86_64-linux-gnu
Thread model: posix
gcc version 9.4.0 (Ubuntu 9.4.0-1ubuntu1~20.04.2) 
COLLECT_GCC_OPTIONS='-v' '-o' 'CMakeFiles/cmTC_a0488.dir/CMakeCXXCompilerABI.cpp.o' '-c' '-shared-libgcc' '-mtune=generic' '-march=x86-64'
 /usr/lib/gcc/x86_64-linux-gnu/9/cc1plus -quiet -v -imultiarch x86_64-linux-gnu -D_GNU_SOURCE /usr/share/cmake-3.16/Modules/CMakeCXXCompilerABI.cpp -quiet -dumpbase CMakeCXXCompilerABI.cpp -mtune=generic -march=x86-64 -auxbase-strip CMakeFiles/cmTC_a0488.dir/CMakeCXXCompilerABI.cpp.o -version -fasynchronous-unwind-tables -fstack-protector-strong -Wformat -Wformat-security -fstack-clash-protection -fcf-protection -o /tmp/ccy3f8ZM.s
GNU C++14 (Ubuntu 9.4.0-1ubuntu1~20.04.2) version 9.4.0 (x86_64-linux-gnu)
	compiled by GNU C version 9.4.0, GMP version 6.2.0, MPFR version 4.0.2, MPC version 1.1.0, isl version isl-0.22.1-GMP

GGC heuristics: --param ggc-min-expand=100 --param ggc-min-heapsize=131072
ignoring duplicate directory "/usr/include/x86_64-linux-gnu/c++/9"
ignoring nonexistent directory "/usr/local/include/x86_64-linux-gnu"
ignoring nonexistent directory "/usr/lib/gcc/x86_64-linux-gnu/9/include-fixed"
ignoring nonexistent directory "/usr/lib/gcc/x86_64-linux-gnu/9/../../../../x86_64-linux-gnu/include"
#include "..." search starts here:
#include <...> search starts here:
 /usr/include/c++/9
 /usr/include/x86_64-linux-gnu/c++/9
 /usr/include/c++/9/backward
 /usr/lib/gcc/x86_64-linux-gnu/9/include
 /usr/local/include
 /usr/include/x86_64-linux-gnu
 /usr/include
End of search list.
GNU C++14 (Ubuntu 9.4.0-1ubuntu1~20.04.2) version 9.4.0 (x86_64-linux-gnu)
	compiled by GNU C version 9.4.0, GMP version 6.2.0, MPFR version 4.0.2, MPC version 1.1.0, isl version isl-0.22.1-GMP

GGC heuristics: --param ggc-min-expand=100 --param ggc-min-heapsize=131072
Compiler executable checksum: 3d1eba838554fa2348dba760e4770469
COLLECT_GCC_OPTIONS='-v' '-o' 'CMakeFiles/cmTC_a0488.dir/CMakeCXXCompilerABI.cpp.o' '-c' '-shared-libgcc' '-mtune=generic' '-march=x86-64'
 as -v --64 -o CMakeFiles/cmTC_a0488.dir/CMakeCXXCompilerABI.cpp.o /tmp/ccy3f8ZM.s
GNU assembler version 2.34 (x86_64-linux-gnu) using BFD version (GNU Binutils for Ubuntu) 2.34
COMPILER_PATH=/usr/lib/gcc/x86_64-linux-gnu/9/:/usr/lib/gcc/x86_64-linux-gnu/9/:/usr/lib/gcc/x86_64-linux-gnu/:/usr/lib/gcc/x86_64-linux-gnu/9/:/usr/lib/gcc/x86_64-linux-gnu/
LIBRARY_PATH=/usr/lib/gcc/x86_64-linux-gnu/9/:/usr/lib/gcc/x86_64-linux-gnu/9/../../../x86_64-linux-gnu/:/usr/lib/gcc/x86_64-linux-gnu/9/../../../../lib/:/lib/x86_64-linux-gnu/:/lib/../lib/:/usr/lib/x86_64-linux-gnu/:/usr/lib/../lib/:/usr/lib/gcc/x86_64-linux-gnu/9/../../../:/lib/:/usr/lib/
COLLECT_GCC_OPTIONS='-v' '-o' 'CMakeFiles/cmTC_a0488.dir/CMakeCXXCompilerABI.cpp.o' '-c' '-shared-libgcc' '-mtune=generic' '-march=x86-64'
Linking CXX executable cmTC_a0488
/usr/bin/cmake -E cmake_link_script CMakeFiles/cmTC_a0488.dir/link.txt --verbose=1
/usr/bin/c++      -v -rdynamic CMakeFiles/cmTC_a0488.dir/CMakeCXXCompilerABI.cpp.o  -o cmTC_a0488 
Using built-in specs.
COLLECT_GCC=/usr/bin/c++
COLLECT_LTO_WRAPPER=/usr/lib/gcc/x86_64-linux-gnu/9/lto-wrapper
OFFLOAD_TARGET_NAMES=nvptx-none:hsa
OFFLOAD_TARGET_DEFAULT=1
Target: x86_64-linux-gnu
Configured with: ../src/configure -v --with-pkgversion='Ubuntu 9.4.0-1ubuntu1~20.04.2' --with-bugurl=file:///usr/share/doc/gcc-9/README.Bugs --enable-languages=c,ada,c++,go,brig,d,fortran,objc,obj-c++,gm2 --prefix=/usr --with-gcc-major-version-only --program-suffix=-9 --program-prefix=x86_64-linux-gnu- --enable-shared --enable-linker-build-id --libexecdir=/usr/lib --without-included-gettext --enable-threads=posix --libdir=/usr/lib --enable-nls --enable-clocale=gnu --enable-libstdcxx-debug --enable-libstdcxx-time=yes --with-default-libstdcxx-abi=new --enable-gnu-unique-object --disable-vtable-verify --enable-plugin --enable-default-pie --with-system-zlib --with-target-system-zlib=auto --enable-objc-gc=auto --enable-multiarch --disable-werror --with-arch-32=i686 --with-abi=m64 --with-multilib-list=m32,m64,mx32 --enable-multilib --with-tune=generic --enable-offload-targets=nvptx-none=/build/gcc-9-9QDOt0/gcc-9-9.4.0/debian/tmp-nvptx/usr,hsa --without-cuda-driver --enable-checking=release --build=x86_64-linux-gnu --host=x86_64-linux-gnu --target=x86_64-linux-gnu
Thread model: posix
gcc version 9.4.0 (Ubuntu 9.4.0-1ubuntu1~20.04.2) 
COMPILER_PATH=/usr/lib/gcc/x86_64-linux-gnu/9/:/usr/lib/gcc/x86_64-linux-gnu/9/:/usr/lib/gcc/x86_64-linux-gnu/:/usr/lib/gcc/x86_64-linux-gnu/9/:/usr/lib/gcc/x86_64-linux-gnu/
LIBRARY_PATH=/usr/lib/gcc/x86_64-linux-gnu/9/:/usr/lib/gcc/x86_64-linux-gnu/9/../../../x86_64-linux-gnu/:/usr/lib/gcc/x86_64-linux-gnu/9/../../../../lib/:/lib/x86_64-linux-gnu/:/lib/../lib/:/usr/lib/x86_64-linux-gnu/:/usr/lib/../lib/:/usr/lib/gcc/x86_64-linux-gnu/9/../../../:/lib/:/usr/lib/
COLLECT_GCC_OPTIONS='-v' '-rdynamic' '-o' 'cmTC_a0488' '-shared-libgcc' '-mtune=generic' '-march=x86-64'
 /usr/lib/gcc/x86_64-linux-gnu/9/collect2 -plugin /usr/lib/gcc/x86_64-linux-gnu/9/liblto_plugin.so -plugin-opt=/usr/lib/gcc/x86_64-linux-gnu/9/lto-wrapper -plugin-opt=-fresolution=/tmp/cc0Zaspi.res -plugin-opt=-pass-through=-lgcc_s -plugin-opt=-pass-through=-lgcc -plugin-opt=-pass-through=-lc -plugin-opt=-pass-through=-lgcc_s -plugin-opt=-pass-through=-lgcc --build-id --eh-frame-hdr -m elf_x86_64 --hash-style=gnu --as-needed -export-dynamic -dynamic-linker /lib64/ld-linux-x86-64.so.2 -pie -z now -z relro -o cmTC_a0488 /usr/lib/gcc/x86_64-linux-gnu/9/../../../x86_64-linux-gnu/Scrt1.o /usr/lib/gcc/x86_64-linux-gnu/9/../../../x86_64-linux-gnu/crti.o /usr/lib/gcc/x86_64-linux-gnu/9/crtbeginS.o -L/usr/lib/gcc/x86_64-linux-gnu/9 -L/usr/lib/gcc/x86_64-linux-gnu/9/../../../x86_64-linux-gnu -L/usr/lib/gcc/x86_64-linux-gnu/9/../../../../lib -L/lib/x86_64-linux-gnu -L/lib/../lib -L/usr/lib/x86_64-linux-gnu -L/usr/lib/../lib -L/usr/lib/gcc/x86_64-linux-gnu/9/../../.. CMakeFiles/cmTC_a0488.dir/CMakeCXXCompilerABI.cpp.o -lstdc++ -lm -lgcc_s -lgcc -lc -lgcc_s -lgcc /usr/lib/gcc/x86_64-linux-gnu/9/crtendS.o /usr/lib/gcc/x86_64-linux-gnu/9/../../../x86_64-linux-gnu/crtn.o
COLLECT_GCC_OPTIONS='-v' '-rdynamic' '-o' 'cmTC_a0488' '-shared-libgcc' '-mtune=generic' '-march=x86-64'
make[1]: Leaving directory '/home/xkh/Desktop/tungsten/build/CMakeFiles/CMakeTmp'



Parsed CXX implicit include dir info from above output: rv=done
  found start of include info
  found start of implicit include info
    add: [/usr/include/c++/9]
    add: [/usr/include/x86_64-linux-gnu/c++/9]
    add: [/usr/include/c++/9/backward]
    add: [/usr/lib/gcc/x86_64-linux-gnu/9/include]
    add: [/usr/local/include]
    add: [/usr/include/x86_64-linux-gnu]
    add: [/usr/include]
  end of search list found
  collapse include dir [/usr/include/c++/9] ==> [/usr/include/c++/9]
  collapse include dir [/usr/include/x86_64-linux-gnu/c++/9] ==> [/usr/include/x86_64-linux-gnu/c++/9]
  collapse include dir [/usr/include/c++/9/backward] ==> [/usr/include/c++/9/backward]
  collapse include dir [/usr/lib/gcc/x86_64-linux-gnu/9/include] ==> [/usr/lib/gcc/x86_64-linux-gnu/9/include]
  collapse include dir [/usr/local/include] ==> [/usr/local/include]
  collapse include dir [/usr/include/x86_64-linux-gnu] ==> [/usr/include/x86_64-linux-gnu]
  collapse include dir [/usr/include] ==> [/usr/include]
  implicit include dirs: [/usr/include/c++/9;/usr/include/x86_64-linux-gnu/c++/9;/usr/include/c++/9/backward;/usr/lib/gcc/x86_64-linux-gnu/9/include;/usr/local/include;/usr/include/x86_64-linux-gnu;/usr/include]


Parsed CXX implicit link information from above output:
  link line regex: [^( *|.*[/\])(ld|CMAKE_LINK_STARTFILE-NOTFOUND|([^/\]+-)?ld|collect2)[^/\]*( |$)]
  ignore line: [Change Dir: /home/xkh/Desktop/tungsten/build/CMakeFiles/CMakeTmp]
  ignore line: []
  ignore line: [Run Build Command(s):/usr/bin/make cmTC_a0488/fast && /usr/bin/make -f CMakeFiles/cmTC_a0488.dir/build.make CMakeFiles/cmTC_a0488.dir/build]
  ignore line: [make[1]: Entering directory '/home/xkh/Desktop/tungsten/build/CMakeFiles/CMakeTmp']
  ignore line: [Building CXX object CMakeFiles/cmTC_a0488.dir/CMakeCXXCompilerABI.cpp.o]
  ignore line: [/usr/bin/c++    -v -o CMakeFiles/cmTC_a0488.dir/CMakeCXXCompilerABI.cpp.o -c /usr/share/cmake-3.16/Modules/CMakeCXXCompilerABI.cpp]
  ignore line: [Using built-in specs.]
  ignore line: [COLLECT_GCC=/usr/bin/c++]
  ignore line: [OFFLOAD_TARGET_NAMES=nvptx-none:hsa]
  ignore line: [OFFLOAD_TARGET_DEFAULT=1]
  ignore line: [Target: x86_64-linux-gnu]
  ignore line: [Configured with: ../src/configure -v --with-pkgversion='Ubuntu 9.4.0-1ubuntu1~20.04.2' --with-bugurl=file:///usr/share/doc/gcc-9/README.Bugs --enable-languages=c ada c++ go brig d fortran objc obj-c++ gm2 --prefix=/usr --with-gcc-major-version-only --program-suffix=-9 --program-prefix=x86_64-linux-gnu- --enable-shared --enable-linker-build-id --libexecdir=/usr/lib --without-included-gettext --enable-threads=posix --libdir=/usr/lib --enable-nls --enable-clocale=gnu --enable-libstdcxx-debug --enable-libstdcxx-time=yes --with-default-libstdcxx-abi=new --enable-gnu-unique-object --disable-vtable-verify --enable-plugin --enable-default-pie --with-system-zlib --with-target-system-zlib=auto --enable-objc-gc=auto --enable-multiarch --disable-werror --with-arch-32=i686 --with-abi=m64 --with-multilib-list=m32 m64 mx32 --enable-multilib --with-tune=generic --enable-offload-targets=nvptx-none=/build/gcc-9-9QDOt0/gcc-9-9.4.0/debian/tmp-nvptx/usr hsa --without-cuda-driver --enable-checking=release --build=x86_64-linux-gnu --host=x86_64-linux-gnu --target=x86_64-linux-gnu]
  ignore line: [Thread model: posix]
  ignore line: [gcc version 9.4.0 (Ubuntu 9.4.0-1ubuntu1~20.04.2) ]
  ignore line: [COLLECT_GCC_OPTIONS='-v' '-o' 'CMakeFiles/cmTC_a0488.dir/CMakeCXXCompilerABI.cpp.o' '-c' '-shared-libgcc' '-mtune=generic' '-march=x86-64']
  ignore line: [ /usr/lib/gcc/x86_64-linux-gnu/9/cc1plus -quiet -v -imultiarch x86_64-linux-gnu -D_GNU_SOURCE /usr/share/cmake-3.16/Modules/CMakeCXXCompilerABI.cpp -quiet -dumpbase CMakeCXXCompilerABI.cpp -mtune=generic -march=x86-64 -auxbase-strip CMakeFiles/cmTC_a0488.dir/CMakeCXXCompilerABI.cpp.o -version -fasynchronous-unwind-tables -fstack-protector-strong -Wformat -Wformat-security -fstack-clash-protection -fcf-protection -o /tmp/ccy3f8ZM.s]
  ignore line: [GNU C++14 (Ubuntu 9.4.0-1ubuntu1~20.04.2) version 9.4.0 (x86_64-linux-gnu)]
  ignore line: [	compiled by GNU C version 9.4.0  GMP version 6.2.0  MPFR version 4.0.2  MPC version 1.1.0  isl version isl-0.22.1-GMP]
  ignore line: []
  ignore line: [GGC heuristics: --param ggc-min-expand=100 --param ggc-min-heapsize=131072]
  ignore line: [ignoring duplicate directory "/usr/include/x86_64-linux-gnu/c++/9"]
  ignore line: [ignoring nonexistent directory "/usr/local/include/x86_64-linux-gnu"]
  ignore line: [ignoring nonexistent directory "/usr/lib/gcc/x86_64-linux-gnu/9/include-fixed"]
  ignore line: [ignoring nonexistent directory "/usr/lib/gcc/x86_64-linux-gnu/9/../../../../x86_64-linux-gnu/include"]
  ignore line: [#include "..." search starts here:]
  ignore line: [#include <...> search starts here:]
  ignore line: [ /usr/include/c++/9]
  ignore line: [ /usr/include/x86_64-linux-gnu/c++/9]
  ignore line: [ /usr/include/c++/9/backward]
  ignore line: [ /usr/lib/gcc/x86_64-linux-gnu/9/include]
  ignore line: [ /usr/local/include]
  ignore line: [ /usr/include/x86_64-linux-gnu]
  ignore line: [ /usr/include]
  ignore line: [End of search list.]
  ignore line: [GNU C++14 (Ubuntu 9.4.0-1ubuntu1~20.04.2) version 9.4.0 (x86_64-linux-gnu)]
  ignore line: [	compiled by GNU C version 9.4.0  GMP version 6.2.0  MPFR version 4.0.2  MPC version 1.1.0  isl version isl-0.22.1-GMP]
  ignore line: []
  ignore line: [GGC heuristics: --param ggc-min-expand=100 --param ggc-min-heapsize=131072]
  ignore line: [Compiler executable checksum: 3d1eba838554fa2348dba760e4770469]
  ignore line: [COLLECT_GCC_OPTIONS='-v' '-o' 'CMakeFiles/cmTC_a0488.dir/CMakeCXXCompilerABI.cpp.o' '-c' '-shared-libgcc' '-mtune=generic' '-march=x86-64']
  ignore line: [ as -v --64 -o CMakeFiles/cmTC_a0488.dir/CMakeCXXCompilerABI.cpp.o /tmp/ccy3f8ZM.s]
  ignore line: [GNU assembler version 2.34 (x86_64-linux-gnu) using BFD version (GNU Binutils for Ubuntu) 2.34]
  ignore line: [COMPILER_PATH=/usr/lib/gcc/x86_64-linux-gnu/9/:/usr/lib/gcc/x86_64-linux-gnu/9/:/usr/lib/gcc/x86_64-linux-gnu/:/usr/lib/gcc/x86_64-linux-gnu/9/:/usr/lib/gcc/x86_64-linux-gnu/]
  ignore line: [LIBRARY_PATH=/usr/lib/gcc/x86_64-linux-gnu/9/:/usr/lib/gcc/x86_64-linux-gnu/9/../../../x86_64-linux-gnu/:/usr/lib/gcc/x86_64-linux-gnu/9/../../../../lib/:/lib/x86_64-linux-gnu/:/lib/../lib/:/usr/lib/x86_64-linux-gnu/:/usr/lib/../lib/:/usr/lib/gcc/x86_64-linux-gnu/9/../../../:/lib/:/usr/lib/]
  ignore line: [COLLECT_GCC_OPTIONS='-v' '-o' 'CMakeFiles/cmTC_a0488.dir/CMakeCXXCompilerABI.cpp.o' '-c' '-shared-libgcc' '-mtune=generic' '-march=x86-64']
  ignore line: [Linking CXX executable cmTC_a0488]
  ignore line: [/usr/bin/cmake -E cmake_link_script CMakeFiles/cmTC_a0488.dir/link.txt --verbose=1]
  ignore line: [/usr/bin/c++      -v -rdynamic CMakeFiles/cmTC_a0488.dir/CMakeCXXCompilerABI.cpp.o  -o cmTC_a0488 ]
  ignore line: [Using built-in specs.]
  ignore line: [COLLECT_GCC=/usr/bin/c++]
  ignore line: [COLLECT_LTO_WRAPPER=/usr/lib/gcc/x86_64-linux-gnu/9/lto-wrapper]
  ignore line: [OFFLOAD_TARGET_NAMES=nvptx-none:hsa]
  ignore line: [OFFLOAD_TARGET_DEFAULT=1]
  ignore line: [Target: x86_64-linux-gnu]
  ignore line: [Configured with: ../src/configure -v --with-pkgversion='Ubuntu 9.4.0-1ubuntu1~20.04.2' --with-bugurl=file:///usr/share/doc/gcc-9/README.Bugs --enable-languages=c ada c++ go brig d fortran objc obj-c++ gm2 --prefix=/usr --with-gcc-major-version-only --program-suffix=-9 --program-prefix=x86_64-linux-gnu- --enable-shared --enable-linker-build-id --libexecdir=/usr/lib --without-included-gettext --enable-threads=posix --libdir=/usr/lib --enable-nls --enable-clocale=gnu --enable-libstdcxx-debug --enable-libstdcxx-time=yes --with-default-libstdcxx-abi=new --enable-gnu-unique-object --disable-vtable-verify --enable-plugin --enable-default-pie --with-system-zlib --with-target-system-zlib=auto --enable-objc-gc=auto --enable-multiarch --disable-werror --with-arch-32=i686 --with-abi=m64 --with-multilib-list=m32 m64 mx32 --enable-multilib --with-tune=generic --enable-offload-targets=nvptx-none=/build/gcc-9-9QDOt0/gcc-9-9.4.0/debian/tmp-nvptx/usr hsa --without-cuda-driver --enable-checking=release --build=x86_64-linux-gnu --host=x86_64-linux-gnu --target=x86_64-linux-gnu]
  ignore line: [Thread model: posix]
  ignore line: [gcc version 9.4.0 (Ubuntu 9.4.0-1ubuntu1~20.04.2) ]
  ignore line: [COMPILER_PATH=/usr/lib/gcc/x86_64-linux-gnu/9/:/usr/lib/gcc/x86_64-linux-gnu/9/:/usr/lib/gcc/x86_64-linux-gnu/:/usr/lib/gcc/x86_64-linux-gnu/9/:/usr/lib/gcc/x86_64-linux-gnu/]
  ignore line: [LIBRARY_PATH=/usr/lib/gcc/x86_64-linux-gnu/9/:/usr/lib/gcc/x86_64-linux-gnu/9/../../../x86_64-linux-gnu/:/usr/lib/gcc/x86_64-linux-gnu/9/../../../../lib/:/lib/x86_64-linux-gnu/:/lib/../lib/:/usr/lib/x86_64-linux-gnu/:/usr/lib/../lib/:/usr/lib/gcc/x86_64-linux-gnu/9/../../../:/lib/:/usr/lib/]
  ignore line: [COLLECT_GCC_OPTIONS='-v' '-rdynamic' '-o' 'cmTC_a0488' '-shared-libgcc' '-mtune=generic' '-march=x86-64']
  link line: [ /usr/lib/gcc/x86_64-linux-gnu/9/collect2 -plugin /usr/lib/gcc/x86_64-linux-gnu/9/liblto_plugin.so -plugin-opt=/usr/lib/gcc/x86_64-linux-gnu/9/lto-wrapper -plugin-opt=-fresolution=/tmp/cc0Zaspi.res -plugin-opt=-pass-through=-lgcc_s -plugin-opt=-pass-through=-lgcc -plugin-opt=-pass-through=-lc -plugin-opt=-pass-through=-lgcc_s -plugin-opt=-pass-through=-lgcc --build-id --eh-frame-hdr -m elf_x86_64 --hash-style=gnu --as-needed -export-dynamic -dynamic-linker /lib64/ld-linux-x86-64.so.2 -pie -z now -z relro -o cmTC_a0488 /usr/lib/gcc/x86_64-linux-gnu/9/../../../x86_64-linux-gnu/Scrt1.o /usr/lib/gcc/x86_64-linux-gnu/9/../../../x86_64-linux-gnu/crti.o /usr/lib/gcc/x86_64-linux-gnu/9/crtbeginS.o -L/usr/lib/gcc/x86_64-linux-gnu/9 -L/usr/lib/gcc/x86_64-linux-gnu/9/../../../x86_64-linux-gnu -L/usr/lib/gcc/x86_64-linux-gnu/9/../../../../lib -L/lib/x86_64-linux-gnu -L/lib/../lib -L/usr/lib/x86_64-linux-gnu -L/usr/lib/../lib -L/usr/lib/gcc/x86_64-linux-gnu/9/../../.. CMakeFiles/cmTC_a0488.dir/CMakeCXXCompilerABI.cpp.o -lstdc++ -lm -lgcc_s -lgcc -lc -lgcc_s -lgcc /usr/lib/gcc/x86_64-linux-gnu/9/crtendS.o /usr/lib/gcc/x86_64-linux-gnu/9/../../../x86_64-linux-gnu/crtn.o]
    arg [/usr/lib/gcc/x86_64-linux-gnu/9/collect2] ==> ignore
    arg [-plugin] ==> ignore
    arg [/usr/lib/gcc/x86_64-linux-gnu/9/liblto_plugin.so] ==> ignore
    arg [-plugin-opt=/usr/lib/gcc/x86_64-linux-gnu/9/lto-wrapper] ==> ignore
    arg [-plugin-opt=-fresolution=/tmp/cc0Zaspi.res] ==> ignore
    arg [-plugin-opt=-pass-through=-lgcc_s] ==> ignore
    arg [-plugin-opt=-pass-through=-lgcc] ==> ignore
    arg [-plugin-opt=-pass-through=-lc] ==> ignore
    arg [-plugin-opt=-pass-through=-lgcc_s] ==> ignore
    arg [-plugin-opt=-pass-through=-lgcc] ==> ignore
    arg [--build-id] ==> ignore
    arg [--eh-frame-hdr] ==> ignore
    arg [-m] ==> ignore
    arg [elf_x86_64] ==> ignore
    arg [--hash-style=gnu] ==> ignore
    arg [--as-needed] ==> ignore
    arg [-export-dynamic] ==> ignore
    arg [-dynamic-linker] ==> ignore
    arg [/lib64/ld-linux-x86-64.so.2] ==> ignore
    arg [-pie] ==> ignore
    arg [-znow] ==> ignore
    arg [-zrelro] ==> ignore
    arg [-o] ==> ignore
    arg [cmTC_a0488] ==> ignore
    arg [/usr/lib/gcc/x86_64-linux-gnu/9/../../../x86_64-linux-gnu/Scrt1.o] ==> ignore
    arg [/usr/lib/gcc/x86_64-linux-gnu/9/../../../x86_64-linux-gnu/crti.o] ==> ignore
    arg [/usr/lib/gcc/x86_64-linux-gnu/9/crtbeginS.o] ==> ignore
    arg [-L/usr/lib/gcc/x86_64-linux-gnu/9] ==> dir [/usr/lib/gcc/x86_64-linux-gnu/9]
    arg [-L/usr/lib/gcc/x86_64-linux-gnu/9/../../../x86_64-linux-gnu] ==> dir [/usr/lib/gcc/x86_64-linux-gnu/9/../../../x86_64-linux-gnu]
    arg [-L/usr/lib/gcc/x86_64-linux-gnu/9/../../../../lib] ==> dir [/usr/lib/gcc/x86_64-linux-gnu/9/../../../../lib]
    arg [-L/lib/x86_64-linux-gnu] ==> dir [/lib/x86_64-linux-gnu]
    arg [-L/lib/../lib] ==> dir [/lib/../lib]
    arg [-L/usr/lib/x86_64-linux-gnu] ==> dir [/usr/lib/x86_64-linux-gnu]
    arg [-L/usr/lib/../lib] ==> dir [/usr/lib/../lib]
    arg [-L/usr/lib/gcc/x86_64-linux-gnu/9/../../..] ==> dir [/usr/lib/gcc/x86_64-linux-gnu/9/../../..]
    arg [CMakeFiles/cmTC_a0488.dir/CMakeCXXCompilerABI.cpp.o] ==> ignore
    arg [-lstdc++] ==> lib [stdc++]
    arg [-lm] ==> lib [m]
    arg [-lgcc_s] ==> lib [gcc_s]
    arg [-lgcc] ==> lib [gcc]
    arg [-lc] ==> lib [c]
    arg [-lgcc_s] ==> lib [gcc_s]
    arg [-lgcc] ==> lib [gcc]
    arg [/usr/lib/gcc/x86_64-linux-gnu/9/crtendS.o] ==> ignore
    arg [/usr/lib/gcc/x86_64-linux-gnu/9/../../../x86_64-linux-gnu/crtn.o] ==> ignore
  collapse library dir [/usr/lib/gcc/x86_64-linux-gnu/9] ==> [/usr/lib/gcc/x86_64-linux-gnu/9]
  collapse library dir [/usr/lib/gcc/x86_64-linux-gnu/9/../../../x86_64-linux-gnu] ==> [/usr/lib/x86_64-linux-gnu]
  collapse library dir [/usr/lib/gcc/x86_64-linux-gnu/9/../../../../lib] ==> [/usr/lib]
  collapse library dir [/lib/x86_64-linux-gnu] ==> [/lib/x86_64-linux-gnu]
  collapse library dir [/lib/../lib] ==> [/lib]
  collapse library dir [/usr/lib/x86_64-linux-gnu] ==> [/usr/lib/x86_64-linux-gnu]
  collapse library dir [/usr/lib/../lib] ==> [/usr/lib]
  collapse library dir [/usr/lib/gcc/x86_64-linux-gnu/9/../../..] ==> [/usr/lib]
  implicit libs: [stdc++;m;gcc_s;gcc;c;gcc_s;gcc]
  implicit dirs: [/usr/lib/gcc/x86_64-linux-gnu/9;/usr/lib/x86_64-linux-gnu;/usr/lib;/lib/x86_64-linux-gnu;/lib]
  implicit fwks: []


Performing C++ SOURCE FILE Test check_cxx_compiler_flag__march_core2 succeeded with the following output:
Change Dir: /home/xkh/Desktop/tungsten/build/CMakeFiles/CMakeTmp

Run Build Command(s):/usr/bin/make cmTC_3f92f/fast && /usr/bin/make -f CMakeFiles/cmTC_3f92f.dir/build.make CMakeFiles/cmTC_3f92f.dir/build
make[1]: Entering directory '/home/xkh/Desktop/tungsten/build/CMakeFiles/CMakeTmp'
Building CXX object CMakeFiles/cmTC_3f92f.dir/src.cxx.o
/usr/bin/c++    -std=c++0x -Dcheck_cxx_compiler_flag__march_core2   -march=core2 -o CMakeFiles/cmTC_3f92f.dir/src.cxx.o -c /home/xkh/Desktop/tungsten/build/CMakeFiles/CMakeTmp/src.cxx
Linking CXX executable cmTC_3f92f
/usr/bin/cmake -E cmake_link_script CMakeFiles/cmTC_3f92f.dir/link.txt --verbose=1
/usr/bin/c++   -std=c++0x -Dcheck_cxx_compiler_flag__march_core2    -rdynamic CMakeFiles/cmTC_3f92f.dir/src.cxx.o  -o cmTC_3f92f 
make[1]: Leaving directory '/home/xkh/Desktop/tungsten/build/CMakeFiles/CMakeTmp'


Source file was:
#include <cstdio>
      int main() { return 0; }
Performing C++ SOURCE FILE Test check_cxx_compiler_flag__msse2 succeeded with the following output:
Change Dir: /home/xkh/Desktop/tungsten/build/CMakeFiles/CMakeTmp

Run Build Command(s):/usr/bin/make cmTC_00fcc/fast && /usr/bin/make -f CMakeFiles/cmTC_00fcc.dir/build.make CMakeFiles/cmTC_00fcc.dir/build
make[1]: Entering directory '/home/xkh/Desktop/tungsten/build/CMakeFiles/CMakeTmp'
Building CXX object CMakeFiles/cmTC_00fcc.dir/src.cxx.o
/usr/bin/c++    -std=c++0x -Dcheck_cxx_compiler_flag__msse2   -msse2 -o CMakeFiles/cmTC_00fcc.dir/src.cxx.o -c /home/xkh/Desktop/tungsten/build/CMakeFiles/CMakeTmp/src.cxx
Linking CXX executable cmTC_00fcc
/usr/bin/cmake -E cmake_link_script CMakeFiles/cmTC_00fcc.dir/link.txt --verbose=1
/usr/bin/c++   -std=c++0x -Dcheck_cxx_compiler_flag__msse2    -rdynamic CMakeFiles/cmTC_00fcc.dir/src.cxx.o  -o cmTC_00fcc 
make[1]: Leaving directory '/home/xkh/Desktop/tungsten/build/CMakeFiles/CMakeTmp'


Source file was:
#include <cstdio>
      int main() { return 0; }
Performing C++ SOURCE FILE Test check_cxx_compiler_flag__msse3 succeeded with the following output:
Change Dir: /home/xkh/Desktop/tungsten/build/CMakeFiles/CMakeTmp

Run Build Command(s):/usr/bin/make cmTC_65cef/fast && /usr/bin/make -f CMakeFiles/cmTC_65cef.dir/build.make CMakeFiles/cmTC_65cef.dir/build
make[1]: Entering directory '/home/xkh/Desktop/tungsten/build/CMakeFiles/CMakeTmp'
Building CXX object CMakeFiles/cmTC_65cef.dir/src.cxx.o
/usr/bin/c++    -std=c++0x -Dcheck_cxx_compiler_flag__msse3   -msse3 -o CMakeFiles/cmTC_65cef.dir/src.cxx.o -c /home/xkh/Desktop/tungsten/build/CMakeFiles/CMakeTmp/src.cxx
Linking CXX executable cmTC_65cef
/usr/bin/cmake -E cmake_link_script CMakeFiles/cmTC_65cef.dir/link.txt --verbose=1
/usr/bin/c++   -std=c++0x -Dcheck_cxx_compiler_flag__msse3    -rdynamic CMakeFiles/cmTC_65cef.dir/src.cxx.o  -o cmTC_65cef 
make[1]: Leaving directory '/home/xkh/Desktop/tungsten/build/CMakeFiles/CMakeTmp'


Source file was:
#include <cstdio>
      int main() { return 0; }
Determining if the include file pmmintrin.h exists passed with the following output:
Change Dir: /home/xkh/Desktop/tungsten/build/CMakeFiles/CMakeTmp

Run Build Command(s):/usr/bin/make cmTC_cb2f5/fast && /usr/bin/make -f CMakeFiles/cmTC_cb2f5.dir/build.make CMakeFiles/cmTC_cb2f5.dir/build
make[1]: Entering directory '/home/xkh/Desktop/tungsten/build/CMakeFiles/CMakeTmp'
Building CXX object CMakeFiles/cmTC_cb2f5.dir/CheckIncludeFile.cxx.o
/usr/bin/c++    -std=c++0x -msse3    -o CMakeFiles/cmTC_cb2f5.dir/CheckIncludeFile.cxx.o -c /home/xkh/Desktop/tungsten/build/CMakeFiles/CMakeTmp/CheckIncludeFile.cxx
Linking CXX executable cmTC_cb2f5
/usr/bin/cmake -E cmake_link_script CMakeFiles/cmTC_cb2f5.dir/link.txt --verbose=1
/usr/bin/c++   -std=c++0x -msse3     -rdynamic CMakeFiles/cmTC_cb2f5.dir/CheckIncludeFile.cxx.o  -o cmTC_cb2f5 
make[1]: Leaving directory '/home/xkh/Desktop/tungsten/build/CMakeFiles/CMakeTmp'



Performing C++ SOURCE FILE Test check_cxx_compiler_flag__mssse3 succeeded with the following output:
Change Dir: /home/xkh/Desktop/tungsten/build/CMakeFiles/CMakeTmp

Run Build Command(s):/usr/bin/make cmTC_4a94d/fast && /usr/bin/make -f CMakeFiles/cmTC_4a94d.dir/build.make CMakeFiles/cmTC_4a94d.dir/build
make[1]: Entering directory '/home/xkh/Desktop/tungsten/build/CMakeFiles/CMakeTmp'
Building CXX object CMakeFiles/cmTC_4a94d.dir/src.cxx.o
/usr/bin/c++    -std=c++0x -Dcheck_cxx_compiler_flag__mssse3   -mssse3 -o CMakeFiles/cmTC_4a94d.dir/src.cxx.o -c /home/xkh/Desktop/tungsten/build/CMakeFiles/CMakeTmp/src.cxx
Linking CXX executable cmTC_4a94d
/usr/bin/cmake -E cmake_link_script CMakeFiles/cmTC_4a94d.dir/link.txt --verbose=1
/usr/bin/c++   -std=c++0x -Dcheck_cxx_compiler_flag__mssse3    -rdynamic CMakeFiles/cmTC_4a94d.dir/src.cxx.o  -o cmTC_4a94d 
make[1]: Leaving directory '/home/xkh/Desktop/tungsten/build/CMakeFiles/CMakeTmp'


Source file was:
#include <cstdio>
      int main() { return 0; }
Determining if the include file tmmintrin.h exists passed with the following output:
Change Dir: /home/xkh/Desktop/tungsten/build/CMakeFiles/CMakeTmp

Run Build Command(s):/usr/bin/make cmTC_38516/fast && /usr/bin/make -f CMakeFiles/cmTC_38516.dir/build.make CMakeFiles/cmTC_38516.dir/build
make[1]: Entering directory '/home/xkh/Desktop/tungsten/build/CMakeFiles/CMakeTmp'
Building CXX object CMakeFiles/cmTC_38516.dir/CheckIncludeFile.cxx.o
/usr/bin/c++    -std=c++0x -mssse3    -o CMakeFiles/cmTC_38516.dir/CheckIncludeFile.cxx.o -c /home/xkh/Desktop/tungsten/build/CMakeFiles/CMakeTmp/CheckIncludeFile.cxx
Linking CXX executable cmTC_38516
/usr/bin/cmake -E cmake_link_script CMakeFiles/cmTC_38516.dir/link.txt --verbose=1
/usr/bin/c++   -std=c++0x -mssse3     -rdynamic CMakeFiles/cmTC_38516.dir/CheckIncludeFile.cxx.o  -o cmTC_38516 
make[1]: Leaving directory '/home/xkh/Desktop/tungsten/build/CMakeFiles/CMakeTmp'



Performing C++ SOURCE FILE Test check_cxx_compiler_flag__mno_sse4_1 succeeded with the following output:
Change Dir: /home/xkh/Desktop/tungsten/build/CMakeFiles/CMakeTmp

Run Build Command(s):/usr/bin/make cmTC_1bc07/fast && /usr/bin/make -f CMakeFiles/cmTC_1bc07.dir/build.make CMakeFiles/cmTC_1bc07.dir/build
make[1]: Entering directory '/home/xkh/Desktop/tungsten/build/CMakeFiles/CMakeTmp'
Building CXX object CMakeFiles/cmTC_1bc07.dir/src.cxx.o
/usr/bin/c++    -std=c++0x -Dcheck_cxx_compiler_flag__mno_sse4_1   -mno-sse4.1 -o CMakeFiles/cmTC_1bc07.dir/src.cxx.o -c /home/xkh/Desktop/tungsten/build/CMakeFiles/CMakeTmp/src.cxx
Linking CXX executable cmTC_1bc07
/usr/bin/cmake -E cmake_link_script CMakeFiles/cmTC_1bc07.dir/link.txt --verbose=1
/usr/bin/c++   -std=c++0x -Dcheck_cxx_compiler_flag__mno_sse4_1    -rdynamic CMakeFiles/cmTC_1bc07.dir/src.cxx.o  -o cmTC_1bc07 
make[1]: Leaving directory '/home/xkh/Desktop/tungsten/build/CMakeFiles/CMakeTmp'


Source file was:
#include <cstdio>
      int main() { return 0; }
Performing C++ SOURCE FILE Test check_cxx_compiler_flag__mno_sse4_2 succeeded with the following output:
Change Dir: /home/xkh/Desktop/tungsten/build/CMakeFiles/CMakeTmp

Run Build Command(s):/usr/bin/make cmTC_9a011/fast && /usr/bin/make -f CMakeFiles/cmTC_9a011.dir/build.make CMakeFiles/cmTC_9a011.dir/build
make[1]: Entering directory '/home/xkh/Desktop/tungsten/build/CMakeFiles/CMakeTmp'
Building CXX object CMakeFiles/cmTC_9a011.dir/src.cxx.o
/usr/bin/c++    -std=c++0x -Dcheck_cxx_compiler_flag__mno_sse4_2   -mno-sse4.2 -o CMakeFiles/cmTC_9a011.dir/src.cxx.o -c /home/xkh/Desktop/tungsten/build/CMakeFiles/CMakeTmp/src.cxx
Linking CXX executable cmTC_9a011
/usr/bin/cmake -E cmake_link_script CMakeFiles/cmTC_9a011.dir/link.txt --verbose=1
/usr/bin/c++   -std=c++0x -Dcheck_cxx_compiler_flag__mno_sse4_2    -rdynamic CMakeFiles/cmTC_9a011.dir/src.cxx.o  -o cmTC_9a011 
make[1]: Leaving directory '/home/xkh/Desktop/tungsten/build/CMakeFiles/CMakeTmp'


Source file was:
#include <cstdio>
      int main() { return 0; }
Performing C++ SOURCE FILE Test check_cxx_compiler_flag__mno_sse4a succeeded with the following output:
Change Dir: /home/xkh/Desktop/tungsten/build/CMakeFiles/CMakeTmp

Run Build Command(s):/usr/bin/make cmTC_b5177/fast && /usr/bin/make -f CMakeFiles/cmTC_b5177.dir/build.make CMakeFiles/cmTC_b5177.dir/build
make[1]: Entering directory '/home/xkh/Desktop/tungsten/build/CMakeFiles/CMakeTmp'
Building CXX object CMakeFiles/cmTC_b5177.dir/src.cxx.o
/usr/bin/c++    -std=c++0x -Dcheck_cxx_compiler_flag__mno_sse4a   -mno-sse4a -o CMakeFiles/cmTC_b5177.dir/src.cxx.o -c /home/xkh/Desktop/tungsten/build/CMakeFiles/CMakeTmp/src.cxx
Linking CXX executable cmTC_b5177
/usr/bin/cmake -E cmake_link_script CMakeFiles/cmTC_b5177.dir/link.txt --verbose=1
/usr/bin/c++   -std=c++0x -Dcheck_cxx_compiler_flag__mno_sse4a    -rdynamic CMakeFiles/cmTC_b5177.dir/src.cxx.o  -o cmTC_b5177 
make[1]: Leaving directory '/home/xkh/Desktop/tungsten/build/CMakeFiles/CMakeTmp'


Source file was:
#include <cstdio>
      int main() { return 0; }
Performing C++ SOURCE FILE Test check_cxx_compiler_flag__mno_avx succeeded with the following output:
Change Dir: /home/xkh/Desktop/tungsten/build/CMakeFiles/CMakeTmp

Run Build Command(s):/usr/bin/make cmTC_5fe4c/fast && /usr/bin/make -f CMakeFiles/cmTC_5fe4c.dir/build.make CMakeFiles/cmTC_5fe4c.dir/build
make[1]: Entering directory '/home/xkh/Desktop/tungsten/build/CMakeFiles/CMakeTmp'
Building CXX object CMakeFiles/cmTC_5fe4c.dir/src.cxx.o
/usr/bin/c++    -std=c++0x -Dcheck_cxx_compiler_flag__mno_avx   -mno-avx -o CMakeFiles/cmTC_5fe4c.dir/src.cxx.o -c /home/xkh/Desktop/tungsten/build/CMakeFiles/CMakeTmp/src.cxx
Linking CXX executable cmTC_5fe4c
/usr/bin/cmake -E cmake_link_script CMakeFiles/cmTC_5fe4c.dir/link.txt --verbose=1
/usr/bin/c++   -std=c++0x -Dcheck_cxx_compiler_flag__mno_avx    -rdynamic CMakeFiles/cmTC_5fe4c.dir/src.cxx.o  -o cmTC_5fe4c 
make[1]: Leaving directory '/home/xkh/Desktop/tungsten/build/CMakeFiles/CMakeTmp'


Source file was:
#include <cstdio>
      int main() { return 0; }
Performing C++ SOURCE FILE Test check_cxx_compiler_flag__mno_fma succeeded with the following output:
Change Dir: /home/xkh/Desktop/tungsten/build/CMakeFiles/CMakeTmp

Run Build Command(s):/usr/bin/make cmTC_27910/fast && /usr/bin/make -f CMakeFiles/cmTC_27910.dir/build.make CMakeFiles/cmTC_27910.dir/build
make[1]: Entering directory '/home/xkh/Desktop/tungsten/build/CMakeFiles/CMakeTmp'
Building CXX object CMakeFiles/cmTC_27910.dir/src.cxx.o
/usr/bin/c++    -std=c++0x -Dcheck_cxx_compiler_flag__mno_fma   -mno-fma -o CMakeFiles/cmTC_27910.dir/src.cxx.o -c /home/xkh/Desktop/tungsten/build/CMakeFiles/CMakeTmp/src.cxx
Linking CXX executable cmTC_27910
/usr/bin/cmake -E cmake_link_script CMakeFiles/cmTC_27910.dir/link.txt --verbose=1
/usr/bin/c++   -std=c++0x -Dcheck_cxx_compiler_flag__mno_fma    -rdynamic CMakeFiles/cmTC_27910.dir/src.cxx.o  -o cmTC_27910 
make[1]: Leaving directory '/home/xkh/Desktop/tungsten/build/CMakeFiles/CMakeTmp'


Source file was:
#include <cstdio>
      int main() { return 0; }
Performing C++ SOURCE FILE Test check_cxx_compiler_flag__mno_bmi2 succeeded with the following output:
Change Dir: /home/xkh/Desktop/tungsten/build/CMakeFiles/CMakeTmp

Run Build Command(s):/usr/bin/make cmTC_d5341/fast && /usr/bin/make -f CMakeFiles/cmTC_d5341.dir/build.make CMakeFiles/cmTC_d5341.dir/build
make[1]: Entering directory '/home/xkh/Desktop/tungsten/build/CMakeFiles/CMakeTmp'
Building CXX object CMakeFiles/cmTC_d5341.dir/src.cxx.o
/usr/bin/c++    -std=c++0x -Dcheck_cxx_compiler_flag__mno_bmi2   -mno-bmi2 -o CMakeFiles/cmTC_d5341.dir/src.cxx.o -c /home/xkh/Desktop/tungsten/build/CMakeFiles/CMakeTmp/src.cxx
Linking CXX executable cmTC_d5341
/usr/bin/cmake -E cmake_link_script CMakeFiles/cmTC_d5341.dir/link.txt --verbose=1
/usr/bin/c++   -std=c++0x -Dcheck_cxx_compiler_flag__mno_bmi2    -rdynamic CMakeFiles/cmTC_d5341.dir/src.cxx.o  -o cmTC_d5341 
make[1]: Leaving directory '/home/xkh/Desktop/tungsten/build/CMakeFiles/CMakeTmp'


Source file was:
#include <cstdio>
      int main() { return 0; }
Performing C++ SOURCE FILE Test check_cxx_compiler_flag__mno_avx2 succeeded with the following output:
Change Dir: /home/xkh/Desktop/tungsten/build/CMakeFiles/CMakeTmp

Run Build Command(s):/usr/bin/make cmTC_7623e/fast && /usr/bin/make -f CMakeFiles/cmTC_7623e.dir/build.make CMakeFiles/cmTC_7623e.dir/build
make[1]: Entering directory '/home/xkh/Desktop/tungsten/build/CMakeFiles/CMakeTmp'
Building CXX object CMakeFiles/cmTC_7623e.dir/src.cxx.o
/usr/bin/c++    -std=c++0x -Dcheck_cxx_compiler_flag__mno_avx2   -mno-avx2 -o CMakeFiles/cmTC_7623e.dir/src.cxx.o -c /home/xkh/Desktop/tungsten/build/CMakeFiles/CMakeTmp/src.cxx
Linking CXX executable cmTC_7623e
/usr/bin/cmake -E cmake_link_script CMakeFiles/cmTC_7623e.dir/link.txt --verbose=1
/usr/bin/c++   -std=c++0x -Dcheck_cxx_compiler_flag__mno_avx2    -rdynamic CMakeFiles/cmTC_7623e.dir/src.cxx.o  -o cmTC_7623e 
make[1]: Leaving directory '/home/xkh/Desktop/tungsten/build/CMakeFiles/CMakeTmp'


Source file was:
#include <cstdio>
      int main() { return 0; }
Performing C++ SOURCE FILE Test check_cxx_compiler_flag__mno_xop succeeded with the following output:
Change Dir: /home/xkh/Desktop/tungsten/build/CMakeFiles/CMakeTmp

Run Build Command(s):/usr/bin/make cmTC_04af3/fast && /usr/bin/make -f CMakeFiles/cmTC_04af3.dir/build.make CMakeFiles/cmTC_04af3.dir/build
make[1]: Entering directory '/home/xkh/Desktop/tungsten/build/CMakeFiles/CMakeTmp'
Building CXX object CMakeFiles/cmTC_04af3.dir/src.cxx.o
/usr/bin/c++    -std=c++0x -Dcheck_cxx_compiler_flag__mno_xop   -mno-xop -o CMakeFiles/cmTC_04af3.dir/src.cxx.o -c /home/xkh/Desktop/tungsten/build/CMakeFiles/CMakeTmp/src.cxx
Linking CXX executable cmTC_04af3
/usr/bin/cmake -E cmake_link_script CMakeFiles/cmTC_04af3.dir/link.txt --verbose=1
/usr/bin/c++   -std=c++0x -Dcheck_cxx_compiler_flag__mno_xop    -rdynamic CMakeFiles/cmTC_04af3.dir/src.cxx.o  -o cmTC_04af3 
make[1]: Leaving directory '/home/xkh/Desktop/tungsten/build/CMakeFiles/CMakeTmp'


Source file was:
#include <cstdio>
      int main() { return 0; }
Performing C++ SOURCE FILE Test check_cxx_compiler_flag__mno_fma4 succeeded with the following output:
Change Dir: /home/xkh/Desktop/tungsten/build/CMakeFiles/CMakeTmp

Run Build Command(s):/usr/bin/make cmTC_ee486/fast && /usr/bin/make -f CMakeFiles/cmTC_ee486.dir/build.make CMakeFiles/cmTC_ee486.dir/build
make[1]: Entering directory '/home/xkh/Desktop/tungsten/build/CMakeFiles/CMakeTmp'
Building CXX object CMakeFiles/cmTC_ee486.dir/src.cxx.o
/usr/bin/c++    -std=c++0x -Dcheck_cxx_compiler_flag__mno_fma4   -mno-fma4 -o CMakeFiles/cmTC_ee486.dir/src.cxx.o -c /home/xkh/Desktop/tungsten/build/CMakeFiles/CMakeTmp/src.cxx
Linking CXX executable cmTC_ee486
/usr/bin/cmake -E cmake_link_script CMakeFiles/cmTC_ee486.dir/link.txt --verbose=1
/usr/bin/c++   -std=c++0x -Dcheck_cxx_compiler_flag__mno_fma4    -rdynamic CMakeFiles/cmTC_ee486.dir/src.cxx.o  -o cmTC_ee486 
make[1]: Leaving directory '/home/xkh/Desktop/tungsten/build/CMakeFiles/CMakeTmp'


Source file was:
#include <cstdio>
      int main() { return 0; }
Performing C++ SOURCE FILE Test check_cxx_compiler_flag__mno_avx512f succeeded with the following output:
Change Dir: /home/xkh/Desktop/tungsten/build/CMakeFiles/CMakeTmp

Run Build Command(s):/usr/bin/make cmTC_c508c/fast && /usr/bin/make -f CMakeFiles/cmTC_c508c.dir/build.make CMakeFiles/cmTC_c508c.dir/build
make[1]: Entering directory '/home/xkh/Desktop/tungsten/build/CMakeFiles/CMakeTmp'
Building CXX object CMakeFiles/cmTC_c508c.dir/src.cxx.o
/usr/bin/c++    -std=c++0x -Dcheck_cxx_compiler_flag__mno_avx512f   -mno-avx512f -o CMakeFiles/cmTC_c508c.dir/src.cxx.o -c /home/xkh/Desktop/tungsten/build/CMakeFiles/CMakeTmp/src.cxx
Linking CXX executable cmTC_c508c
/usr/bin/cmake -E cmake_link_script CMakeFiles/cmTC_c508c.dir/link.txt --verbose=1
/usr/bin/c++   -std=c++0x -Dcheck_cxx_compiler_flag__mno_avx512f    -rdynamic CMakeFiles/cmTC_c508c.dir/src.cxx.o  -o cmTC_c508c 
make[1]: Leaving directory '/home/xkh/Desktop/tungsten/build/CMakeFiles/CMakeTmp'


Source file was:
#include <cstdio>
      int main() { return 0; }
Performing C++ SOURCE FILE Test check_cxx_compiler_flag__mno_avx512vl succeeded with the following output:
Change Dir: /home/xkh/Desktop/tungsten/build/CMakeFiles/CMakeTmp

Run Build Command(s):/usr/bin/make cmTC_d1db7/fast && /usr/bin/make -f CMakeFiles/cmTC_d1db7.dir/build.make CMakeFiles/cmTC_d1db7.dir/build
make[1]: Entering directory '/home/xkh/Desktop/tungsten/build/CMakeFiles/CMakeTmp'
Building CXX object CMakeFiles/cmTC_d1db7.dir/src.cxx.o
/usr/bin/c++    -std=c++0x -Dcheck_cxx_compiler_flag__mno_avx512vl   -mno-avx512vl -o CMakeFiles/cmTC_d1db7.dir/src.cxx.o -c /home/xkh/Desktop/tungsten/build/CMakeFiles/CMakeTmp/src.cxx
Linking CXX executable cmTC_d1db7
/usr/bin/cmake -E cmake_link_script CMakeFiles/cmTC_d1db7.dir/link.txt --verbose=1
/usr/bin/c++   -std=c++0x -Dcheck_cxx_compiler_flag__mno_avx512vl    -rdynamic CMakeFiles/cmTC_d1db7.dir/src.cxx.o  -o cmTC_d1db7 
make[1]: Leaving directory '/home/xkh/Desktop/tungsten/build/CMakeFiles/CMakeTmp'


Source file was:
#include <cstdio>
      int main() { return 0; }
Performing C++ SOURCE FILE Test check_cxx_compiler_flag__mno_avx512pf succeeded with the following output:
Change Dir: /home/xkh/Desktop/tungsten/build/CMakeFiles/CMakeTmp

Run Build Command(s):/usr/bin/make cmTC_f2003/fast && /usr/bin/make -f CMakeFiles/cmTC_f2003.dir/build.make CMakeFiles/cmTC_f2003.dir/build
make[1]: Entering directory '/home/xkh/Desktop/tungsten/build/CMakeFiles/CMakeTmp'
Building CXX object CMakeFiles/cmTC_f2003.dir/src.cxx.o
/usr/bin/c++    -std=c++0x -Dcheck_cxx_compiler_flag__mno_avx512pf   -mno-avx512pf -o CMakeFiles/cmTC_f2003.dir/src.cxx.o -c /home/xkh/Desktop/tungsten/build/CMakeFiles/CMakeTmp/src.cxx
Linking CXX executable cmTC_f2003
/usr/bin/cmake -E cmake_link_script CMakeFiles/cmTC_f2003.dir/link.txt --verbose=1
/usr/bin/c++   -std=c++0x -Dcheck_cxx_compiler_flag__mno_avx512pf    -rdynamic CMakeFiles/cmTC_f2003.dir/src.cxx.o  -o cmTC_f2003 
make[1]: Leaving directory '/home/xkh/Desktop/tungsten/build/CMakeFiles/CMakeTmp'


Source file was:
#include <cstdio>
      int main() { return 0; }
Performing C++ SOURCE FILE Test check_cxx_compiler_flag__mno_avx512er succeeded with the following output:
Change Dir: /home/xkh/Desktop/tungsten/build/CMakeFiles/CMakeTmp

Run Build Command(s):/usr/bin/make cmTC_998ae/fast && /usr/bin/make -f CMakeFiles/cmTC_998ae.dir/build.make CMakeFiles/cmTC_998ae.dir/build
make[1]: Entering directory '/home/xkh/Desktop/tungsten/build/CMakeFiles/CMakeTmp'
Building CXX object CMakeFiles/cmTC_998ae.dir/src.cxx.o
/usr/bin/c++    -std=c++0x -Dcheck_cxx_compiler_flag__mno_avx512er   -mno-avx512er -o CMakeFiles/cmTC_998ae.dir/src.cxx.o -c /home/xkh/Desktop/tungsten/build/CMakeFiles/CMakeTmp/src.cxx
Linking CXX executable cmTC_998ae
/usr/bin/cmake -E cmake_link_script CMakeFiles/cmTC_998ae.dir/link.txt --verbose=1
/usr/bin/c++   -std=c++0x -Dcheck_cxx_compiler_flag__mno_avx512er    -rdynamic CMakeFiles/cmTC_998ae.dir/src.cxx.o  -o cmTC_998ae 
make[1]: Leaving directory '/home/xkh/Desktop/tungsten/build/CMakeFiles/CMakeTmp'


Source file was:
#include <cstdio>
      int main() { return 0; }
Performing C++ SOURCE FILE Test check_cxx_compiler_flag__mno_avx512cd succeeded with the following output:
Change Dir: /home/xkh/Desktop/tungsten/build/CMakeFiles/CMakeTmp

Run Build Command(s):/usr/bin/make cmTC_310a3/fast && /usr/bin/make -f CMakeFiles/cmTC_310a3.dir/build.make CMakeFiles/cmTC_310a3.dir/build
make[1]: Entering directory '/home/xkh/Desktop/tungsten/build/CMakeFiles/CMakeTmp'
Building CXX object CMakeFiles/cmTC_310a3.dir/src.cxx.o
/usr/bin/c++    -std=c++0x -Dcheck_cxx_compiler_flag__mno_avx512cd   -mno-avx512cd -o CMakeFiles/cmTC_310a3.dir/src.cxx.o -c /home/xkh/Desktop/tungsten/build/CMakeFiles/CMakeTmp/src.cxx
Linking CXX executable cmTC_310a3
/usr/bin/cmake -E cmake_link_script CMakeFiles/cmTC_310a3.dir/link.txt --verbose=1
/usr/bin/c++   -std=c++0x -Dcheck_cxx_compiler_flag__mno_avx512cd    -rdynamic CMakeFiles/cmTC_310a3.dir/src.cxx.o  -o cmTC_310a3 
make[1]: Leaving directory '/home/xkh/Desktop/tungsten/build/CMakeFiles/CMakeTmp'


Source file was:
#include <cstdio>
      int main() { return 0; }
Performing C++ SOURCE FILE Test check_cxx_compiler_flag__mno_avx512dq succeeded with the following output:
Change Dir: /home/xkh/Desktop/tungsten/build/CMakeFiles/CMakeTmp

Run Build Command(s):/usr/bin/make cmTC_574db/fast && /usr/bin/make -f CMakeFiles/cmTC_574db.dir/build.make CMakeFiles/cmTC_574db.dir/build
make[1]: Entering directory '/home/xkh/Desktop/tungsten/build/CMakeFiles/CMakeTmp'
Building CXX object CMakeFiles/cmTC_574db.dir/src.cxx.o
/usr/bin/c++    -std=c++0x -Dcheck_cxx_compiler_flag__mno_avx512dq   -mno-avx512dq -o CMakeFiles/cmTC_574db.dir/src.cxx.o -c /home/xkh/Desktop/tungsten/build/CMakeFiles/CMakeTmp/src.cxx
Linking CXX executable cmTC_574db
/usr/bin/cmake -E cmake_link_script CMakeFiles/cmTC_574db.dir/link.txt --verbose=1
/usr/bin/c++   -std=c++0x -Dcheck_cxx_compiler_flag__mno_avx512dq    -rdynamic CMakeFiles/cmTC_574db.dir/src.cxx.o  -o cmTC_574db 
make[1]: Leaving directory '/home/xkh/Desktop/tungsten/build/CMakeFiles/CMakeTmp'


Source file was:
#include <cstdio>
      int main() { return 0; }
Performing C++ SOURCE FILE Test check_cxx_compiler_flag__mno_avx512bw succeeded with the following output:
Change Dir: /home/xkh/Desktop/tungsten/build/CMakeFiles/CMakeTmp

Run Build Command(s):/usr/bin/make cmTC_15998/fast && /usr/bin/make -f CMakeFiles/cmTC_15998.dir/build.make CMakeFiles/cmTC_15998.dir/build
make[1]: Entering directory '/home/xkh/Desktop/tungsten/build/CMakeFiles/CMakeTmp'
Building CXX object CMakeFiles/cmTC_15998.dir/src.cxx.o
/usr/bin/c++    -std=c++0x -Dcheck_cxx_compiler_flag__mno_avx512bw   -mno-avx512bw -o CMakeFiles/cmTC_15998.dir/src.cxx.o -c /home/xkh/Desktop/tungsten/build/CMakeFiles/CMakeTmp/src.cxx
Linking CXX executable cmTC_15998
/usr/bin/cmake -E cmake_link_script CMakeFiles/cmTC_15998.dir/link.txt --verbose=1
/usr/bin/c++   -std=c++0x -Dcheck_cxx_compiler_flag__mno_avx512bw    -rdynamic CMakeFiles/cmTC_15998.dir/src.cxx.o  -o cmTC_15998 
make[1]: Leaving directory '/home/xkh/Desktop/tungsten/build/CMakeFiles/CMakeTmp'


Source file was:
#include <cstdio>
      int main() { return 0; }
Performing C++ SOURCE FILE Test check_cxx_compiler_flag__mno_avx512ifma succeeded with the following output:
Change Dir: /home/xkh/Desktop/tungsten/build/CMakeFiles/CMakeTmp

Run Build Command(s):/usr/bin/make cmTC_e821c/fast && /usr/bin/make -f CMakeFiles/cmTC_e821c.dir/build.make CMakeFiles/cmTC_e821c.dir/build
make[1]: Entering directory '/home/xkh/Desktop/tungsten/build/CMakeFiles/CMakeTmp'
Building CXX object CMakeFiles/cmTC_e821c.dir/src.cxx.o
/usr/bin/c++    -std=c++0x -Dcheck_cxx_compiler_flag__mno_avx512ifma   -mno-avx512ifma -o CMakeFiles/cmTC_e821c.dir/src.cxx.o -c /home/xkh/Desktop/tungsten/build/CMakeFiles/CMakeTmp/src.cxx
Linking CXX executable cmTC_e821c
/usr/bin/cmake -E cmake_link_script CMakeFiles/cmTC_e821c.dir/link.txt --verbose=1
/usr/bin/c++   -std=c++0x -Dcheck_cxx_compiler_flag__mno_avx512ifma    -rdynamic CMakeFiles/cmTC_e821c.dir/src.cxx.o  -o cmTC_e821c 
make[1]: Leaving directory '/home/xkh/Desktop/tungsten/build/CMakeFiles/CMakeTmp'


Source file was:
#include <cstdio>
      int main() { return 0; }
Performing C++ SOURCE FILE Test check_cxx_compiler_flag__mno_avx512vbmi succeeded with the following output:
Change Dir: /home/xkh/Desktop/tungsten/build/CMakeFiles/CMakeTmp

Run Build Command(s):/usr/bin/make cmTC_7e21f/fast && /usr/bin/make -f CMakeFiles/cmTC_7e21f.dir/build.make CMakeFiles/cmTC_7e21f.dir/build
make[1]: Entering directory '/home/xkh/Desktop/tungsten/build/CMakeFiles/CMakeTmp'
Building CXX object CMakeFiles/cmTC_7e21f.dir/src.cxx.o
/usr/bin/c++    -std=c++0x -Dcheck_cxx_compiler_flag__mno_avx512vbmi   -mno-avx512vbmi -o CMakeFiles/cmTC_7e21f.dir/src.cxx.o -c /home/xkh/Desktop/tungsten/build/CMakeFiles/CMakeTmp/src.cxx
Linking CXX executable cmTC_7e21f
/usr/bin/cmake -E cmake_link_script CMakeFiles/cmTC_7e21f.dir/link.txt --verbose=1
/usr/bin/c++   -std=c++0x -Dcheck_cxx_compiler_flag__mno_avx512vbmi    -rdynamic CMakeFiles/cmTC_7e21f.dir/src.cxx.o  -o cmTC_7e21f 
make[1]: Leaving directory '/home/xkh/Desktop/tungsten/build/CMakeFiles/CMakeTmp'


Source file was:
#include <cstdio>
      int main() { return 0; }
Determining if the include file pthread.h exists passed with the following output:
Change Dir: /home/xkh/Desktop/tungsten/build/CMakeFiles/CMakeTmp

Run Build Command(s):/usr/bin/make cmTC_acd00/fast && /usr/bin/make -f CMakeFiles/cmTC_acd00.dir/build.make CMakeFiles/cmTC_acd00.dir/build
make[1]: Entering directory '/home/xkh/Desktop/tungsten/build/CMakeFiles/CMakeTmp'
Building C object CMakeFiles/cmTC_acd00.dir/CheckIncludeFile.c.o
/usr/bin/cc    -o CMakeFiles/cmTC_acd00.dir/CheckIncludeFile.c.o   -c /home/xkh/Desktop/tungsten/build/CMakeFiles/CMakeTmp/CheckIncludeFile.c
Linking C executable cmTC_acd00
/usr/bin/cmake -E cmake_link_script CMakeFiles/cmTC_acd00.dir/link.txt --verbose=1
/usr/bin/cc      -rdynamic CMakeFiles/cmTC_acd00.dir/CheckIncludeFile.c.o  -o cmTC_acd00 
make[1]: Leaving directory '/home/xkh/Desktop/tungsten/build/CMakeFiles/CMakeTmp'



Determining if the function pthread_create exists in the pthread passed with the following output:
Change Dir: /home/xkh/Desktop/tungsten/build/CMakeFiles/CMakeTmp

Run Build Command(s):/usr/bin/make cmTC_eae53/fast && /usr/bin/make -f CMakeFiles/cmTC_eae53.dir/build.make CMakeFiles/cmTC_eae53.dir/build
make[1]: Entering directory '/home/xkh/Desktop/tungsten/build/CMakeFiles/CMakeTmp'
Building C object CMakeFiles/cmTC_eae53.dir/CheckFunctionExists.c.o
/usr/bin/cc   -DCHECK_FUNCTION_EXISTS=pthread_create   -o CMakeFiles/cmTC_eae53.dir/CheckFunctionExists.c.o   -c /usr/share/cmake-3.16/Modules/CheckFunctionExists.c
Linking C executable cmTC_eae53
/usr/bin/cmake -E cmake_link_script CMakeFiles/cmTC_eae53.dir/link.txt --verbose=1
/usr/bin/cc  -DCHECK_FUNCTION_EXISTS=pthread_create    -rdynamic CMakeFiles/cmTC_eae53.dir/CheckFunctionExists.c.o  -o cmTC_eae53  -lpthread 
make[1]: Leaving directory '/home/xkh/Desktop/tungsten/build/CMakeFiles/CMakeTmp'



